{"C:\\Users\\trevotech\\Desktop\\teste-fullstack\\backend\\src\\server.ts": {"path":"C:\\Users\\trevotech\\Desktop\\teste-fullstack\\backend\\src\\server.ts","statementMap":{"0":{"start":{"line":1,"column":0},"end":{"line":1,"column":26}},"1":{"start":{"line":2,"column":0},"end":{"line":2,"column":30}},"2":{"start":{"line":3,"column":0},"end":{"line":3,"column":24}},"3":{"start":{"line":4,"column":0},"end":{"line":4,"column":28}},"4":{"start":{"line":5,"column":0},"end":{"line":5,"column":43}},"5":{"start":{"line":6,"column":0},"end":{"line":6,"column":55}},"6":{"start":{"line":7,"column":0},"end":{"line":7,"column":53}},"7":{"start":{"line":8,"column":0},"end":{"line":8,"column":64}},"8":{"start":{"line":9,"column":0},"end":{"line":9,"column":66}},"9":{"start":{"line":10,"column":0},"end":{"line":10,"column":36}},"10":{"start":{"line":11,"column":0},"end":{"line":11,"column":43}},"11":{"start":{"line":14,"column":0},"end":{"line":14,"column":16}},"12":{"start":{"line":17,"column":12},"end":{"line":17,"column":21}},"13":{"start":{"line":21,"column":20},"end":{"line":28,"column":2}},"14":{"start":{"line":31,"column":0},"end":{"line":31,"column":26}},"15":{"start":{"line":33,"column":0},"end":{"line":33,"column":27}},"16":{"start":{"line":34,"column":0},"end":{"line":34,"column":24}},"17":{"start":{"line":37,"column":0},"end":{"line":37,"column":68}},"18":{"start":{"line":40,"column":0},"end":{"line":40,"column":48}},"19":{"start":{"line":43,"column":0},"end":{"line":45,"column":3}},"20":{"start":{"line":44,"column":2},"end":{"line":44,"column":79}},"21":{"start":{"line":48,"column":0},"end":{"line":50,"column":3}},"22":{"start":{"line":49,"column":2},"end":{"line":49,"column":52}},"23":{"start":{"line":53,"column":0},"end":{"line":58,"column":3}},"24":{"start":{"line":54,"column":2},"end":{"line":57,"column":5}},"25":{"start":{"line":61,"column":0},"end":{"line":61,"column":25}},"26":{"start":{"line":64,"column":13},"end":{"line":64,"column":37}},"27":{"start":{"line":67,"column":0},"end":{"line":82,"column":5}},"28":{"start":{"line":69,"column":4},"end":{"line":77,"column":5}},"29":{"start":{"line":70,"column":6},"end":{"line":73,"column":9}},"30":{"start":{"line":71,"column":8},"end":{"line":71,"column":57}},"31":{"start":{"line":72,"column":8},"end":{"line":72,"column":92}},"32":{"start":{"line":75,"column":6},"end":{"line":75,"column":91}},"33":{"start":{"line":76,"column":6},"end":{"line":76,"column":22}},"34":{"start":{"line":80,"column":4},"end":{"line":80,"column":63}},"35":{"start":{"line":81,"column":4},"end":{"line":81,"column":20}},"36":{"start":{"line":84,"column":0},"end":{"line":84,"column":19}}},"fnMap":{"0":{"name":"(anonymous_1)","decl":{"start":{"line":43,"column":23},"end":{"line":43,"column":24}},"loc":{"start":{"line":43,"column":36},"end":{"line":45,"column":1}}},"1":{"name":"(anonymous_2)","decl":{"start":{"line":48,"column":13},"end":{"line":48,"column":14}},"loc":{"start":{"line":48,"column":26},"end":{"line":50,"column":1}}},"2":{"name":"(anonymous_3)","decl":{"start":{"line":53,"column":8},"end":{"line":53,"column":9}},"loc":{"start":{"line":53,"column":27},"end":{"line":58,"column":1}}},"3":{"name":"(anonymous_4)","decl":{"start":{"line":68,"column":8},"end":{"line":68,"column":9}},"loc":{"start":{"line":68,"column":20},"end":{"line":78,"column":3}}},"4":{"name":"(anonymous_5)","decl":{"start":{"line":70,"column":23},"end":{"line":70,"column":26}},"loc":{"start":{"line":70,"column":28},"end":{"line":73,"column":7}}},"5":{"name":"(anonymous_6)","decl":{"start":{"line":79,"column":9},"end":{"line":79,"column":10}},"loc":{"start":{"line":79,"column":19},"end":{"line":82,"column":3}}}},"branchMap":{"0":{"loc":{"start":{"line":22,"column":10},"end":{"line":24,"column":29}},"type":"cond-expr","locations":[{"start":{"line":23,"column":6},"end":{"line":23,"column":66}},{"start":{"line":24,"column":6},"end":{"line":24,"column":29}}]},"1":{"loc":{"start":{"line":64,"column":13},"end":{"line":64,"column":37}},"type":"binary-expr","locations":[{"start":{"line":64,"column":13},"end":{"line":64,"column":29}},{"start":{"line":64,"column":33},"end":{"line":64,"column":37}}]},"2":{"loc":{"start":{"line":69,"column":4},"end":{"line":77,"column":5}},"type":"if","locations":[{"start":{"line":69,"column":4},"end":{"line":77,"column":5}},{"start":{"line":74,"column":11},"end":{"line":77,"column":5}}]}},"s":{"0":0,"1":0,"2":0,"3":0,"4":0,"5":0,"6":0,"7":0,"8":0,"9":0,"10":0,"11":0,"12":0,"13":0,"14":0,"15":0,"16":0,"17":0,"18":0,"19":0,"20":0,"21":0,"22":0,"23":0,"24":0,"25":0,"26":0,"27":0,"28":0,"29":0,"30":0,"31":0,"32":0,"33":0,"34":0,"35":0,"36":0},"f":{"0":0,"1":0,"2":0,"3":0,"4":0,"5":0},"b":{"0":[0,0],"1":[0,0],"2":[0,0]}}
,"C:\\Users\\trevotech\\Desktop\\teste-fullstack\\backend\\src\\config\\database.ts": {"path":"C:\\Users\\trevotech\\Desktop\\teste-fullstack\\backend\\src\\config\\database.ts","statementMap":{"0":{"start":{"line":1,"column":0},"end":{"line":1,"column":37}},"1":{"start":{"line":2,"column":0},"end":{"line":2,"column":28}},"2":{"start":{"line":3,"column":0},"end":{"line":3,"column":24}},"3":{"start":{"line":6,"column":0},"end":{"line":6,"column":16}},"4":{"start":{"line":8,"column":13},"end":{"line":21,"column":3}},"5":{"start":{"line":24,"column":34},"end":{"line":43,"column":2}},"6":{"start":{"line":24,"column":45},"end":{"line":43,"column":2}},"7":{"start":{"line":25,"column":2},"end":{"line":42,"column":3}},"8":{"start":{"line":27,"column":4},"end":{"line":27,"column":37}},"9":{"start":{"line":28,"column":4},"end":{"line":28,"column":61}},"10":{"start":{"line":31,"column":4},"end":{"line":31,"column":76}},"11":{"start":{"line":32,"column":4},"end":{"line":32,"column":49}},"12":{"start":{"line":35,"column":4},"end":{"line":35,"column":40}},"13":{"start":{"line":36,"column":4},"end":{"line":36,"column":52}},"14":{"start":{"line":38,"column":4},"end":{"line":38,"column":16}},"15":{"start":{"line":40,"column":4},"end":{"line":40,"column":66}},"16":{"start":{"line":41,"column":4},"end":{"line":41,"column":17}},"17":{"start":{"line":24,"column":13},"end":{"line":24,"column":34}}},"fnMap":{"0":{"name":"(anonymous_8)","decl":{"start":{"line":24,"column":34},"end":{"line":24,"column":43}},"loc":{"start":{"line":24,"column":45},"end":{"line":43,"column":2}}},"1":{"name":"(anonymous_9)","decl":{"start":{"line":24,"column":45},"end":{"line":24,"column":null}},"loc":{"start":{"line":24,"column":45},"end":{"line":43,"column":1}}}},"branchMap":{"0":{"loc":{"start":{"line":10,"column":8},"end":{"line":10,"column":42}},"type":"binary-expr","locations":[{"start":{"line":10,"column":8},"end":{"line":10,"column":27}},{"start":{"line":10,"column":31},"end":{"line":10,"column":42}}]},"1":{"loc":{"start":{"line":11,"column":8},"end":{"line":11,"column":43}},"type":"binary-expr","locations":[{"start":{"line":11,"column":8},"end":{"line":11,"column":35}},{"start":{"line":11,"column":39},"end":{"line":11,"column":43}}]},"2":{"loc":{"start":{"line":12,"column":12},"end":{"line":12,"column":49}},"type":"binary-expr","locations":[{"start":{"line":12,"column":12},"end":{"line":12,"column":35}},{"start":{"line":12,"column":39},"end":{"line":12,"column":49}}]},"3":{"loc":{"start":{"line":13,"column":12},"end":{"line":13,"column":49}},"type":"binary-expr","locations":[{"start":{"line":13,"column":12},"end":{"line":13,"column":35}},{"start":{"line":13,"column":39},"end":{"line":13,"column":49}}]},"4":{"loc":{"start":{"line":14,"column":12},"end":{"line":14,"column":53}},"type":"binary-expr","locations":[{"start":{"line":14,"column":12},"end":{"line":14,"column":35}},{"start":{"line":14,"column":39},"end":{"line":14,"column":53}}]},"5":{"loc":{"start":{"line":20,"column":7},"end":{"line":20,"column":76}},"type":"cond-expr","locations":[{"start":{"line":20,"column":39},"end":{"line":20,"column":68}},{"start":{"line":20,"column":71},"end":{"line":20,"column":76}}]}},"s":{"0":1,"1":1,"2":1,"3":1,"4":1,"5":1,"6":0,"7":0,"8":0,"9":0,"10":0,"11":0,"12":0,"13":0,"14":0,"15":0,"16":0,"17":1},"f":{"0":0,"1":0},"b":{"0":[1,0],"1":[1,0],"2":[1,0],"3":[1,0],"4":[1,0],"5":[0,1]}}
,"C:\\Users\\trevotech\\Desktop\\teste-fullstack\\backend\\src\\config\\swagger.ts": {"path":"C:\\Users\\trevotech\\Desktop\\teste-fullstack\\backend\\src\\config\\swagger.ts","statementMap":{"0":{"start":{"line":1,"column":0},"end":{"line":1,"column":41}},"1":{"start":{"line":3,"column":38},"end":{"line":117,"column":2}},"2":{"start":{"line":119,"column":20},"end":{"line":119,"column":41}},"3":{"start":{"line":121,"column":0},"end":{"line":121,"column":27}}},"fnMap":{},"branchMap":{},"s":{"0":0,"1":0,"2":0,"3":0},"f":{},"b":{}}
,"C:\\Users\\trevotech\\Desktop\\teste-fullstack\\backend\\src\\controllers\\TimeRecordController.ts": {"path":"C:\\Users\\trevotech\\Desktop\\teste-fullstack\\backend\\src\\controllers\\TimeRecordController.ts","statementMap":{"0":{"start":{"line":2,"column":0},"end":{"line":2,"column":66}},"1":{"start":{"line":9,"column":4},"end":{"line":9,"column":47}},"2":{"start":{"line":16,"column":4},"end":{"line":42,"column":5}},"3":{"start":{"line":17,"column":27},"end":{"line":17,"column":37}},"4":{"start":{"line":19,"column":6},"end":{"line":21,"column":7}},"5":{"start":{"line":20,"column":8},"end":{"line":20,"column":82}},"6":{"start":{"line":23,"column":25},"end":{"line":23,"column":84}},"7":{"start":{"line":25,"column":6},"end":{"line":31,"column":7}},"8":{"start":{"line":27,"column":8},"end":{"line":30,"column":11}},"9":{"start":{"line":33,"column":26},"end":{"line":33,"column":81}},"10":{"start":{"line":35,"column":6},"end":{"line":38,"column":9}},"11":{"start":{"line":40,"column":6},"end":{"line":40,"column":69}},"12":{"start":{"line":41,"column":6},"end":{"line":41,"column":73}},"13":{"start":{"line":49,"column":4},"end":{"line":68,"column":5}},"14":{"start":{"line":50,"column":27},"end":{"line":50,"column":37}},"15":{"start":{"line":52,"column":6},"end":{"line":54,"column":7}},"16":{"start":{"line":53,"column":8},"end":{"line":53,"column":82}},"17":{"start":{"line":56,"column":26},"end":{"line":56,"column":87}},"18":{"start":{"line":59,"column":31},"end":{"line":62,"column":9}},"19":{"start":{"line":59,"column":57},"end":{"line":61,"column":null}},"20":{"start":{"line":64,"column":6},"end":{"line":64,"column":52}},"21":{"start":{"line":66,"column":6},"end":{"line":66,"column":75}},"22":{"start":{"line":67,"column":6},"end":{"line":67,"column":73}},"23":{"start":{"line":75,"column":4},"end":{"line":88,"column":5}},"24":{"start":{"line":76,"column":27},"end":{"line":76,"column":35}},"25":{"start":{"line":78,"column":6},"end":{"line":80,"column":7}},"26":{"start":{"line":79,"column":8},"end":{"line":79,"column":82}},"27":{"start":{"line":82,"column":25},"end":{"line":82,"column":77}},"28":{"start":{"line":84,"column":6},"end":{"line":84,"column":46}},"29":{"start":{"line":86,"column":6},"end":{"line":86,"column":57}},"30":{"start":{"line":87,"column":6},"end":{"line":87,"column":73}},"31":{"start":{"line":95,"column":4},"end":{"line":117,"column":5}},"32":{"start":{"line":96,"column":27},"end":{"line":96,"column":35}},"33":{"start":{"line":98,"column":6},"end":{"line":100,"column":7}},"34":{"start":{"line":99,"column":8},"end":{"line":99,"column":82}},"35":{"start":{"line":102,"column":25},"end":{"line":102,"column":76}},"36":{"start":{"line":104,"column":6},"end":{"line":106,"column":7}},"37":{"start":{"line":105,"column":8},"end":{"line":105,"column":100}},"38":{"start":{"line":108,"column":26},"end":{"line":108,"column":81}},"39":{"start":{"line":110,"column":6},"end":{"line":113,"column":9}},"40":{"start":{"line":115,"column":6},"end":{"line":115,"column":55}},"41":{"start":{"line":116,"column":6},"end":{"line":116,"column":73}},"42":{"start":{"line":5,"column":0},"end":{"line":5,"column":13}}},"fnMap":{"0":{"name":"(anonymous_7)","decl":{"start":{"line":8,"column":2},"end":{"line":8,"column":14}},"loc":{"start":{"line":8,"column":77},"end":{"line":10,"column":3}}},"1":{"name":"(anonymous_8)","decl":{"start":{"line":15,"column":8},"end":{"line":15,"column":28}},"loc":{"start":{"line":15,"column":56},"end":{"line":43,"column":null}}},"2":{"name":"(anonymous_10)","decl":{"start":{"line":48,"column":8},"end":{"line":48,"column":30}},"loc":{"start":{"line":48,"column":58},"end":{"line":69,"column":null}}},"3":{"name":"(anonymous_12)","decl":{"start":{"line":59,"column":47},"end":{"line":59,"column":53}},"loc":{"start":{"line":59,"column":57},"end":{"line":61,"column":null}}},"4":{"name":"(anonymous_13)","decl":{"start":{"line":74,"column":8},"end":{"line":74,"column":21}},"loc":{"start":{"line":74,"column":49},"end":{"line":89,"column":null}}},"5":{"name":"(anonymous_15)","decl":{"start":{"line":94,"column":8},"end":{"line":94,"column":20}},"loc":{"start":{"line":94,"column":48},"end":{"line":118,"column":null}}}},"branchMap":{"0":{"loc":{"start":{"line":8,"column":14},"end":{"line":8,"column":77}},"type":"default-arg","locations":[{"start":{"line":8,"column":54},"end":{"line":8,"column":77}}]},"1":{"loc":{"start":{"line":19,"column":6},"end":{"line":21,"column":7}},"type":"if","locations":[{"start":{"line":19,"column":6},"end":{"line":21,"column":7}}]},"2":{"loc":{"start":{"line":25,"column":6},"end":{"line":31,"column":7}},"type":"if","locations":[{"start":{"line":25,"column":6},"end":{"line":31,"column":7}}]},"3":{"loc":{"start":{"line":52,"column":6},"end":{"line":54,"column":7}},"type":"if","locations":[{"start":{"line":52,"column":6},"end":{"line":54,"column":7}}]},"4":{"loc":{"start":{"line":78,"column":6},"end":{"line":80,"column":7}},"type":"if","locations":[{"start":{"line":78,"column":6},"end":{"line":80,"column":7}}]},"5":{"loc":{"start":{"line":98,"column":6},"end":{"line":100,"column":7}},"type":"if","locations":[{"start":{"line":98,"column":6},"end":{"line":100,"column":7}}]},"6":{"loc":{"start":{"line":104,"column":6},"end":{"line":106,"column":7}},"type":"if","locations":[{"start":{"line":104,"column":6},"end":{"line":106,"column":7}}]}},"s":{"0":1,"1":14,"2":4,"3":4,"4":4,"5":1,"6":3,"7":2,"8":1,"9":1,"10":1,"11":1,"12":1,"13":3,"14":3,"15":3,"16":1,"17":2,"18":1,"19":1,"20":1,"21":1,"22":1,"23":3,"24":3,"25":3,"26":1,"27":2,"28":1,"29":1,"30":1,"31":4,"32":4,"33":4,"34":1,"35":3,"36":2,"37":1,"38":1,"39":1,"40":1,"41":1,"42":1},"f":{"0":14,"1":4,"2":3,"3":1,"4":3,"5":4},"b":{"0":[14],"1":[1],"2":[1],"3":[1],"4":[1],"5":[1],"6":[1]}}
,"C:\\Users\\trevotech\\Desktop\\teste-fullstack\\backend\\src\\dtos\\TimeRecordDto.ts": {"path":"C:\\Users\\trevotech\\Desktop\\teste-fullstack\\backend\\src\\dtos\\TimeRecordDto.ts","statementMap":{"0":{"start":{"line":1,"column":0},"end":{"line":1,"column":63}},"1":{"start":{"line":3,"column":0},"end":{"line":3,"column":13}},"2":{"start":{"line":7,"column":2},"end":{"line":7,"column":null}}},"fnMap":{},"branchMap":{},"s":{"0":0,"1":0,"2":0},"f":{},"b":{}}
,"C:\\Users\\trevotech\\Desktop\\teste-fullstack\\backend\\src\\middlewares\\errorMiddleware.ts": {"path":"C:\\Users\\trevotech\\Desktop\\teste-fullstack\\backend\\src\\middlewares\\errorMiddleware.ts","statementMap":{"0":{"start":{"line":11,"column":4},"end":{"line":11,"column":19}},"1":{"start":{"line":12,"column":4},"end":{"line":12,"column":25}},"2":{"start":{"line":13,"column":4},"end":{"line":13,"column":27}},"3":{"start":{"line":6,"column":0},"end":{"line":6,"column":13}},"4":{"start":{"line":20,"column":31},"end":{"line":50,"column":1}},"5":{"start":{"line":26,"column":2},"end":{"line":49,"column":3}},"6":{"start":{"line":28,"column":4},"end":{"line":33,"column":5}},"7":{"start":{"line":29,"column":6},"end":{"line":32,"column":9}},"8":{"start":{"line":36,"column":4},"end":{"line":36,"column":46}},"9":{"start":{"line":39,"column":4},"end":{"line":42,"column":7}},"10":{"start":{"line":45,"column":4},"end":{"line":48,"column":7}},"11":{"start":{"line":20,"column":13},"end":{"line":20,"column":31}}},"fnMap":{"0":{"name":"(anonymous_0)","decl":{"start":{"line":10,"column":2},"end":{"line":10,"column":14}},"loc":{"start":{"line":10,"column":45},"end":{"line":14,"column":3}}},"1":{"name":"(anonymous_1)","decl":{"start":{"line":20,"column":31},"end":{"line":20,"column":null}},"loc":{"start":{"line":25,"column":4},"end":{"line":50,"column":1}}}},"branchMap":{"0":{"loc":{"start":{"line":28,"column":4},"end":{"line":33,"column":5}},"type":"if","locations":[{"start":{"line":28,"column":4},"end":{"line":33,"column":5}}]}},"s":{"0":0,"1":0,"2":0,"3":0,"4":0,"5":0,"6":0,"7":0,"8":0,"9":0,"10":0,"11":0},"f":{"0":0,"1":0},"b":{"0":[0]}}
,"C:\\Users\\trevotech\\Desktop\\teste-fullstack\\backend\\src\\middlewares\\loggerMiddleware.ts": {"path":"C:\\Users\\trevotech\\Desktop\\teste-fullstack\\backend\\src\\middlewares\\loggerMiddleware.ts","statementMap":{"0":{"start":{"line":2,"column":0},"end":{"line":2,"column":37}},"1":{"start":{"line":7,"column":32},"end":{"line":30,"column":1}},"2":{"start":{"line":9,"column":16},"end":{"line":9,"column":26}},"3":{"start":{"line":10,"column":38},"end":{"line":10,"column":41}},"4":{"start":{"line":12,"column":2},"end":{"line":12,"column":75}},"5":{"start":{"line":15,"column":18},"end":{"line":15,"column":26}},"6":{"start":{"line":16,"column":2},"end":{"line":27,"column":4}},"7":{"start":{"line":17,"column":21},"end":{"line":17,"column":39}},"8":{"start":{"line":18,"column":27},"end":{"line":18,"column":30}},"9":{"start":{"line":21,"column":4},"end":{"line":23,"column":6}},"10":{"start":{"line":26,"column":4},"end":{"line":26,"column":36}},"11":{"start":{"line":29,"column":2},"end":{"line":29,"column":9}},"12":{"start":{"line":7,"column":13},"end":{"line":7,"column":32}}},"fnMap":{"0":{"name":"(anonymous_1)","decl":{"start":{"line":7,"column":32},"end":{"line":7,"column":33}},"loc":{"start":{"line":7,"column":84},"end":{"line":30,"column":1}}},"1":{"name":"(anonymous_2)","decl":{"start":{"line":16,"column":13},"end":{"line":16,"column":23}},"loc":{"start":{"line":16,"column":27},"end":{"line":27,"column":3}}}},"branchMap":{},"s":{"0":0,"1":0,"2":0,"3":0,"4":0,"5":0,"6":0,"7":0,"8":0,"9":0,"10":0,"11":0,"12":0},"f":{"0":0,"1":0},"b":{}}
,"C:\\Users\\trevotech\\Desktop\\teste-fullstack\\backend\\src\\middlewares\\validationMiddleware.ts": {"path":"C:\\Users\\trevotech\\Desktop\\teste-fullstack\\backend\\src\\middlewares\\validationMiddleware.ts","statementMap":{"0":{"start":{"line":2,"column":0},"end":{"line":2,"column":43}},"1":{"start":{"line":3,"column":0},"end":{"line":3,"column":52}},"2":{"start":{"line":11,"column":36},"end":{"line":38,"column":1}},"3":{"start":{"line":12,"column":2},"end":{"line":37,"column":4}},"4":{"start":{"line":14,"column":19},"end":{"line":14,"column":50}},"5":{"start":{"line":17,"column":4},"end":{"line":36,"column":7}},"6":{"start":{"line":19,"column":6},"end":{"line":23,"column":7}},"7":{"start":{"line":20,"column":8},"end":{"line":20,"column":26}},"8":{"start":{"line":21,"column":8},"end":{"line":21,"column":15}},"9":{"start":{"line":22,"column":8},"end":{"line":22,"column":15}},"10":{"start":{"line":26,"column":31},"end":{"line":28,"column":15}},"11":{"start":{"line":27,"column":8},"end":{"line":27,"column":54}},"12":{"start":{"line":31,"column":6},"end":{"line":35,"column":9}},"13":{"start":{"line":11,"column":13},"end":{"line":11,"column":36}}},"fnMap":{"0":{"name":"(anonymous_0)","decl":{"start":{"line":11,"column":36},"end":{"line":11,"column":37}},"loc":{"start":{"line":11,"column":81},"end":{"line":38,"column":1}}},"1":{"name":"(anonymous_1)","decl":{"start":{"line":12,"column":9},"end":{"line":12,"column":10}},"loc":{"start":{"line":12,"column":61},"end":{"line":37,"column":3}}},"2":{"name":"(anonymous_2)","decl":{"start":{"line":17,"column":53},"end":{"line":17,"column":54}},"loc":{"start":{"line":17,"column":64},"end":{"line":36,"column":5}}},"3":{"name":"(anonymous_3)","decl":{"start":{"line":26,"column":42},"end":{"line":26,"column":43}},"loc":{"start":{"line":26,"column":52},"end":{"line":28,"column":7}}}},"branchMap":{"0":{"loc":{"start":{"line":11,"column":48},"end":{"line":11,"column":77}},"type":"default-arg","locations":[{"start":{"line":11,"column":72},"end":{"line":11,"column":77}}]},"1":{"loc":{"start":{"line":19,"column":6},"end":{"line":23,"column":7}},"type":"if","locations":[{"start":{"line":19,"column":6},"end":{"line":23,"column":7}}]},"2":{"loc":{"start":{"line":27,"column":29},"end":{"line":27,"column":52}},"type":"binary-expr","locations":[{"start":{"line":27,"column":29},"end":{"line":27,"column":46}},{"start":{"line":27,"column":50},"end":{"line":27,"column":52}}]}},"s":{"0":0,"1":0,"2":0,"3":0,"4":0,"5":0,"6":0,"7":0,"8":0,"9":0,"10":0,"11":0,"12":0,"13":0},"f":{"0":0,"1":0,"2":0,"3":0},"b":{"0":[0],"1":[0],"2":[0,0]}}
,"C:\\Users\\trevotech\\Desktop\\teste-fullstack\\backend\\src\\migrations\\1700000000000-CreateTables.ts": {"path":"C:\\Users\\trevotech\\Desktop\\teste-fullstack\\backend\\src\\migrations\\1700000000000-CreateTables.ts","statementMap":{"0":{"start":{"line":4,"column":4},"end":{"line":4,"column":39}},"1":{"start":{"line":8,"column":8},"end":{"line":16,"column":11}},"2":{"start":{"line":19,"column":8},"end":{"line":29,"column":11}},"3":{"start":{"line":32,"column":8},"end":{"line":38,"column":11}},"4":{"start":{"line":41,"column":8},"end":{"line":44,"column":11}},"5":{"start":{"line":48,"column":8},"end":{"line":48,"column":102}},"6":{"start":{"line":49,"column":8},"end":{"line":49,"column":61}},"7":{"start":{"line":50,"column":8},"end":{"line":50,"column":54}},"8":{"start":{"line":3,"column":0},"end":{"line":3,"column":13}}},"fnMap":{"0":{"name":"(anonymous_7)","decl":{"start":{"line":3,"column":0},"end":{"line":3,"column":13}},"loc":{"start":{"line":3,"column":0},"end":{"line":52,"column":1}}},"1":{"name":"(anonymous_8)","decl":{"start":{"line":6,"column":17},"end":{"line":6,"column":19}},"loc":{"start":{"line":6,"column":44},"end":{"line":45,"column":null}}},"2":{"name":"(anonymous_10)","decl":{"start":{"line":47,"column":17},"end":{"line":47,"column":21}},"loc":{"start":{"line":47,"column":46},"end":{"line":51,"column":null}}}},"branchMap":{},"s":{"0":0,"1":0,"2":0,"3":0,"4":0,"5":0,"6":0,"7":0,"8":0},"f":{"0":0,"1":0,"2":0},"b":{}}
,"C:\\Users\\trevotech\\Desktop\\teste-fullstack\\backend\\src\\migrations\\1700000001000-AddTotalSecondsColumn.ts": {"path":"C:\\Users\\trevotech\\Desktop\\teste-fullstack\\backend\\src\\migrations\\1700000001000-AddTotalSecondsColumn.ts","statementMap":{"0":{"start":{"line":4,"column":4},"end":{"line":4,"column":48}},"1":{"start":{"line":8,"column":8},"end":{"line":11,"column":11}},"2":{"start":{"line":16,"column":8},"end":{"line":19,"column":11}},"3":{"start":{"line":3,"column":0},"end":{"line":3,"column":13}}},"fnMap":{"0":{"name":"(anonymous_7)","decl":{"start":{"line":3,"column":0},"end":{"line":3,"column":13}},"loc":{"start":{"line":3,"column":0},"end":{"line":21,"column":1}}},"1":{"name":"(anonymous_8)","decl":{"start":{"line":6,"column":17},"end":{"line":6,"column":19}},"loc":{"start":{"line":6,"column":44},"end":{"line":12,"column":null}}},"2":{"name":"(anonymous_10)","decl":{"start":{"line":14,"column":17},"end":{"line":14,"column":21}},"loc":{"start":{"line":14,"column":46},"end":{"line":20,"column":null}}}},"branchMap":{},"s":{"0":0,"1":0,"2":0,"3":0},"f":{"0":0,"1":0,"2":0},"b":{}}
,"C:\\Users\\trevotech\\Desktop\\teste-fullstack\\backend\\src\\models\\TimeRecord.ts": {"path":"C:\\Users\\trevotech\\Desktop\\teste-fullstack\\backend\\src\\models\\TimeRecord.ts","statementMap":{"0":{"start":{"line":1,"column":0},"end":{"line":1,"column":106}},"1":{"start":{"line":2,"column":0},"end":{"line":2,"column":30}},"2":{"start":{"line":5,"column":7},"end":{"line":30,"column":null}},"3":{"start":{"line":5,"column":13},"end":{"line":5,"column":23}},"4":{"start":{"line":7,"column":2},"end":{"line":7,"column":null}},"5":{"start":{"line":10,"column":2},"end":{"line":10,"column":null}},"6":{"start":{"line":13,"column":2},"end":{"line":13,"column":null}},"7":{"start":{"line":16,"column":2},"end":{"line":16,"column":null}},"8":{"start":{"line":19,"column":2},"end":{"line":19,"column":null}},"9":{"start":{"line":22,"column":2},"end":{"line":22,"column":null}},"10":{"start":{"line":26,"column":2},"end":{"line":26,"column":null}},"11":{"start":{"line":24,"column":19},"end":{"line":24,"column":23}},"12":{"start":{"line":24,"column":33},"end":{"line":24,"column":49}},"13":{"start":{"line":29,"column":2},"end":{"line":29,"column":null}},"14":{"start":{"line":5,"column":13},"end":{"line":30,"column":null}}},"fnMap":{"0":{"name":"(anonymous_2)","decl":{"start":{"line":24,"column":13},"end":{"line":24,"column":16}},"loc":{"start":{"line":24,"column":19},"end":{"line":24,"column":23}}},"1":{"name":"(anonymous_3)","decl":{"start":{"line":24,"column":25},"end":{"line":24,"column":29}},"loc":{"start":{"line":24,"column":33},"end":{"line":24,"column":49}}}},"branchMap":{},"s":{"0":1,"1":1,"2":1,"3":1,"4":1,"5":1,"6":1,"7":1,"8":1,"9":1,"10":1,"11":0,"12":0,"13":1,"14":1},"f":{"0":0,"1":0},"b":{}}
,"C:\\Users\\trevotech\\Desktop\\teste-fullstack\\backend\\src\\models\\User.ts": {"path":"C:\\Users\\trevotech\\Desktop\\teste-fullstack\\backend\\src\\models\\User.ts","statementMap":{"0":{"start":{"line":1,"column":0},"end":{"line":1,"column":76}},"1":{"start":{"line":2,"column":0},"end":{"line":2,"column":42}},"2":{"start":{"line":5,"column":7},"end":{"line":17,"column":null}},"3":{"start":{"line":5,"column":13},"end":{"line":5,"column":17}},"4":{"start":{"line":7,"column":2},"end":{"line":7,"column":null}},"5":{"start":{"line":10,"column":2},"end":{"line":10,"column":null}},"6":{"start":{"line":13,"column":2},"end":{"line":13,"column":null}},"7":{"start":{"line":16,"column":2},"end":{"line":16,"column":null}},"8":{"start":{"line":15,"column":19},"end":{"line":15,"column":29}},"9":{"start":{"line":15,"column":45},"end":{"line":15,"column":60}},"10":{"start":{"line":5,"column":13},"end":{"line":17,"column":null}}},"fnMap":{"0":{"name":"(anonymous_2)","decl":{"start":{"line":15,"column":13},"end":{"line":15,"column":16}},"loc":{"start":{"line":15,"column":19},"end":{"line":15,"column":29}}},"1":{"name":"(anonymous_3)","decl":{"start":{"line":15,"column":31},"end":{"line":15,"column":41}},"loc":{"start":{"line":15,"column":45},"end":{"line":15,"column":60}}}},"branchMap":{},"s":{"0":1,"1":1,"2":1,"3":1,"4":1,"5":1,"6":1,"7":1,"8":0,"9":0,"10":1},"f":{"0":0,"1":0},"b":{}}
,"C:\\Users\\trevotech\\Desktop\\teste-fullstack\\backend\\src\\repositories\\TimeRecordRepository.ts": {"path":"C:\\Users\\trevotech\\Desktop\\teste-fullstack\\backend\\src\\repositories\\TimeRecordRepository.ts","statementMap":{"0":{"start":{"line":1,"column":0},"end":{"line":1,"column":34}},"1":{"start":{"line":2,"column":0},"end":{"line":2,"column":51}},"2":{"start":{"line":3,"column":0},"end":{"line":3,"column":50}},"3":{"start":{"line":8,"column":10},"end":{"line":8,"column":63}},"4":{"start":{"line":11,"column":18},"end":{"line":11,"column":28}},"5":{"start":{"line":12,"column":4},"end":{"line":12,"column":31}},"6":{"start":{"line":14,"column":21},"end":{"line":14,"column":36}},"7":{"start":{"line":15,"column":4},"end":{"line":15,"column":45}},"8":{"start":{"line":17,"column":4},"end":{"line":25,"column":7}},"9":{"start":{"line":28,"column":28},"end":{"line":38,"column":null}},"10":{"start":{"line":29,"column":4},"end":{"line":37,"column":7}},"11":{"start":{"line":41,"column":23},"end":{"line":44,"column":6}},"12":{"start":{"line":46,"column":4},"end":{"line":46,"column":44}},"13":{"start":{"line":50,"column":23},"end":{"line":50,"column":71}},"14":{"start":{"line":52,"column":4},"end":{"line":54,"column":5}},"15":{"start":{"line":53,"column":6},"end":{"line":53,"column":18}},"16":{"start":{"line":56,"column":21},"end":{"line":56,"column":31}},"17":{"start":{"line":57,"column":22},"end":{"line":57,"column":53}},"18":{"start":{"line":60,"column":19},"end":{"line":60,"column":59}},"19":{"start":{"line":63,"column":25},"end":{"line":63,"column":50}},"20":{"start":{"line":66,"column":24},"end":{"line":66,"column":53}},"21":{"start":{"line":69,"column":29},"end":{"line":69,"column":46}},"22":{"start":{"line":71,"column":4},"end":{"line":71,"column":36}},"23":{"start":{"line":72,"column":4},"end":{"line":72,"column":43}},"24":{"start":{"line":73,"column":4},"end":{"line":73,"column":48}},"25":{"start":{"line":75,"column":4},"end":{"line":75,"column":44}},"26":{"start":{"line":80,"column":13},"end":{"line":80,"column":90}}},"fnMap":{"0":{"name":"(anonymous_7)","decl":{"start":{"line":7,"column":0},"end":{"line":7,"column":6}},"loc":{"start":{"line":7,"column":0},"end":{"line":77,"column":1}}},"1":{"name":"(anonymous_8)","decl":{"start":{"line":10,"column":8},"end":{"line":10,"column":28}},"loc":{"start":{"line":10,"column":43},"end":{"line":26,"column":null}}},"2":{"name":"(anonymous_10)","decl":{"start":{"line":28,"column":8},"end":{"line":28,"column":27}},"loc":{"start":{"line":28,"column":27},"end":{"line":38,"column":null}}},"3":{"name":"(anonymous_11)","decl":{"start":{"line":28,"column":28},"end":{"line":28,"column":42}},"loc":{"start":{"line":28,"column":62},"end":{"line":38,"column":3}}},"4":{"name":"(anonymous_12)","decl":{"start":{"line":40,"column":8},"end":{"line":40,"column":19}},"loc":{"start":{"line":40,"column":34},"end":{"line":47,"column":null}}},"5":{"name":"(anonymous_14)","decl":{"start":{"line":49,"column":8},"end":{"line":49,"column":20}},"loc":{"start":{"line":49,"column":31},"end":{"line":76,"column":null}}}},"branchMap":{"0":{"loc":{"start":{"line":28,"column":44},"end":{"line":28,"column":62}},"type":"default-arg","locations":[{"start":{"line":28,"column":60},"end":{"line":28,"column":62}}]},"1":{"loc":{"start":{"line":52,"column":4},"end":{"line":54,"column":5}},"type":"if","locations":[{"start":{"line":52,"column":4},"end":{"line":54,"column":5}}]},"2":{"loc":{"start":{"line":52,"column":8},"end":{"line":52,"column":43}},"type":"binary-expr","locations":[{"start":{"line":52,"column":8},"end":{"line":52,"column":19}},{"start":{"line":52,"column":23},"end":{"line":52,"column":43}}]}},"s":{"0":1,"1":1,"2":1,"3":1,"4":0,"5":0,"6":0,"7":0,"8":0,"9":0,"10":0,"11":0,"12":0,"13":0,"14":0,"15":0,"16":0,"17":0,"18":0,"19":0,"20":0,"21":0,"22":0,"23":0,"24":0,"25":0,"26":1},"f":{"0":1,"1":0,"2":0,"3":0,"4":0,"5":0},"b":{"0":[0],"1":[0],"2":[0,0]}}
,"C:\\Users\\trevotech\\Desktop\\teste-fullstack\\backend\\src\\repositories\\UserRepository.ts": {"path":"C:\\Users\\trevotech\\Desktop\\teste-fullstack\\backend\\src\\repositories\\UserRepository.ts","statementMap":{"0":{"start":{"line":1,"column":0},"end":{"line":1,"column":51}},"1":{"start":{"line":2,"column":0},"end":{"line":2,"column":38}},"2":{"start":{"line":6,"column":10},"end":{"line":6,"column":57}},"3":{"start":{"line":9,"column":4},"end":{"line":9,"column":56}},"4":{"start":{"line":13,"column":17},"end":{"line":13,"column":49}},"5":{"start":{"line":14,"column":4},"end":{"line":14,"column":38}},"6":{"start":{"line":18,"column":15},"end":{"line":18,"column":42}},"7":{"start":{"line":20,"column":4},"end":{"line":22,"column":5}},"8":{"start":{"line":21,"column":6},"end":{"line":21,"column":37}},"9":{"start":{"line":24,"column":4},"end":{"line":24,"column":16}},"10":{"start":{"line":28,"column":13},"end":{"line":28,"column":72}}},"fnMap":{"0":{"name":"(anonymous_7)","decl":{"start":{"line":5,"column":0},"end":{"line":5,"column":6}},"loc":{"start":{"line":5,"column":0},"end":{"line":26,"column":1}}},"1":{"name":"(anonymous_8)","decl":{"start":{"line":8,"column":8},"end":{"line":8,"column":18}},"loc":{"start":{"line":8,"column":31},"end":{"line":10,"column":null}}},"2":{"name":"(anonymous_10)","decl":{"start":{"line":12,"column":8},"end":{"line":12,"column":14}},"loc":{"start":{"line":12,"column":27},"end":{"line":15,"column":null}}},"3":{"name":"(anonymous_12)","decl":{"start":{"line":17,"column":8},"end":{"line":17,"column":25}},"loc":{"start":{"line":17,"column":38},"end":{"line":25,"column":null}}}},"branchMap":{"0":{"loc":{"start":{"line":20,"column":4},"end":{"line":22,"column":5}},"type":"if","locations":[{"start":{"line":20,"column":4},"end":{"line":22,"column":5}}]}},"s":{"0":1,"1":1,"2":1,"3":0,"4":0,"5":0,"6":0,"7":0,"8":0,"9":0,"10":1},"f":{"0":1,"1":0,"2":0,"3":0},"b":{"0":[0]}}
,"C:\\Users\\trevotech\\Desktop\\teste-fullstack\\backend\\src\\routes\\timeRecords.ts": {"path":"C:\\Users\\trevotech\\Desktop\\teste-fullstack\\backend\\src\\routes\\timeRecords.ts","statementMap":{"0":{"start":{"line":1,"column":0},"end":{"line":1,"column":33}},"1":{"start":{"line":2,"column":0},"end":{"line":2,"column":75}},"2":{"start":{"line":3,"column":0},"end":{"line":3,"column":75}},"3":{"start":{"line":4,"column":0},"end":{"line":4,"column":54}},"4":{"start":{"line":6,"column":15},"end":{"line":6,"column":23}},"5":{"start":{"line":7,"column":29},"end":{"line":7,"column":55}},"6":{"start":{"line":48,"column":0},"end":{"line":50,"column":2}},"7":{"start":{"line":49,"column":2},"end":{"line":49,"column":53}},"8":{"start":{"line":92,"column":0},"end":{"line":94,"column":2}},"9":{"start":{"line":93,"column":2},"end":{"line":93,"column":55}},"10":{"start":{"line":125,"column":0},"end":{"line":129,"column":2}},"11":{"start":{"line":128,"column":16},"end":{"line":128,"column":60}},"12":{"start":{"line":174,"column":0},"end":{"line":178,"column":2}},"13":{"start":{"line":177,"column":16},"end":{"line":177,"column":59}},"14":{"start":{"line":180,"column":0},"end":{"line":180,"column":22}}},"fnMap":{"0":{"name":"(anonymous_0)","decl":{"start":{"line":48,"column":39},"end":{"line":48,"column":40}},"loc":{"start":{"line":49,"column":2},"end":{"line":49,"column":53}}},"1":{"name":"(anonymous_1)","decl":{"start":{"line":92,"column":39},"end":{"line":92,"column":40}},"loc":{"start":{"line":93,"column":2},"end":{"line":93,"column":55}}},"2":{"name":"(anonymous_2)","decl":{"start":{"line":128,"column":2},"end":{"line":128,"column":3}},"loc":{"start":{"line":128,"column":16},"end":{"line":128,"column":60}}},"3":{"name":"(anonymous_3)","decl":{"start":{"line":177,"column":2},"end":{"line":177,"column":3}},"loc":{"start":{"line":177,"column":16},"end":{"line":177,"column":59}}}},"branchMap":{},"s":{"0":0,"1":0,"2":0,"3":0,"4":0,"5":0,"6":0,"7":0,"8":0,"9":0,"10":0,"11":0,"12":0,"13":0,"14":0},"f":{"0":0,"1":0,"2":0,"3":0},"b":{}}
,"C:\\Users\\trevotech\\Desktop\\teste-fullstack\\backend\\src\\scripts\\checkDatabase.ts": {"path":"C:\\Users\\trevotech\\Desktop\\teste-fullstack\\backend\\src\\scripts\\checkDatabase.ts","statementMap":{"0":{"start":{"line":1,"column":0},"end":{"line":1,"column":26}},"1":{"start":{"line":2,"column":0},"end":{"line":2,"column":51}},"2":{"start":{"line":3,"column":0},"end":{"line":3,"column":38}},"3":{"start":{"line":4,"column":0},"end":{"line":4,"column":50}},"4":{"start":{"line":7,"column":2},"end":{"line":29,"column":3}},"5":{"start":{"line":9,"column":4},"end":{"line":9,"column":37}},"6":{"start":{"line":10,"column":4},"end":{"line":10,"column":61}},"7":{"start":{"line":13,"column":27},"end":{"line":13,"column":60}},"8":{"start":{"line":14,"column":18},"end":{"line":14,"column":45}},"9":{"start":{"line":15,"column":4},"end":{"line":15,"column":55}},"10":{"start":{"line":16,"column":4},"end":{"line":16,"column":36}},"11":{"start":{"line":19,"column":33},"end":{"line":19,"column":72}},"12":{"start":{"line":20,"column":24},"end":{"line":20,"column":57}},"13":{"start":{"line":21,"column":4},"end":{"line":21,"column":71}},"14":{"start":{"line":22,"column":4},"end":{"line":22,"column":52}},"15":{"start":{"line":24,"column":4},"end":{"line":24,"column":49}},"16":{"start":{"line":25,"column":4},"end":{"line":25,"column":20}},"17":{"start":{"line":27,"column":4},"end":{"line":27,"column":53}},"18":{"start":{"line":28,"column":4},"end":{"line":28,"column":20}},"19":{"start":{"line":32,"column":0},"end":{"line":32,"column":16}}},"fnMap":{"0":{"name":"checkDatabase","decl":{"start":{"line":6,"column":15},"end":{"line":6,"column":28}},"loc":{"start":{"line":6,"column":28},"end":{"line":30,"column":null}}}},"branchMap":{},"s":{"0":0,"1":0,"2":0,"3":0,"4":0,"5":0,"6":0,"7":0,"8":0,"9":0,"10":0,"11":0,"12":0,"13":0,"14":0,"15":0,"16":0,"17":0,"18":0,"19":0},"f":{"0":0},"b":{}}
,"C:\\Users\\trevotech\\Desktop\\teste-fullstack\\backend\\src\\scripts\\createTestUser.ts": {"path":"C:\\Users\\trevotech\\Desktop\\teste-fullstack\\backend\\src\\scripts\\createTestUser.ts","statementMap":{"0":{"start":{"line":1,"column":0},"end":{"line":1,"column":26}},"1":{"start":{"line":2,"column":0},"end":{"line":2,"column":51}},"2":{"start":{"line":3,"column":0},"end":{"line":3,"column":38}},"3":{"start":{"line":4,"column":0},"end":{"line":4,"column":50}},"4":{"start":{"line":5,"column":0},"end":{"line":5,"column":34}},"5":{"start":{"line":8,"column":2},"end":{"line":67,"column":3}},"6":{"start":{"line":10,"column":4},"end":{"line":10,"column":37}},"7":{"start":{"line":11,"column":4},"end":{"line":11,"column":61}},"8":{"start":{"line":14,"column":4},"end":{"line":14,"column":76}},"9":{"start":{"line":15,"column":4},"end":{"line":15,"column":49}},"10":{"start":{"line":18,"column":27},"end":{"line":18,"column":60}},"11":{"start":{"line":19,"column":15},"end":{"line":19,"column":75}},"12":{"start":{"line":21,"column":4},"end":{"line":31,"column":5}},"13":{"start":{"line":23,"column":6},"end":{"line":26,"column":9}},"14":{"start":{"line":27,"column":6},"end":{"line":27,"column":38}},"15":{"start":{"line":28,"column":6},"end":{"line":28,"column":43}},"16":{"start":{"line":30,"column":6},"end":{"line":30,"column":46}},"17":{"start":{"line":34,"column":33},"end":{"line":34,"column":72}},"18":{"start":{"line":37,"column":18},"end":{"line":37,"column":28}},"19":{"start":{"line":38,"column":4},"end":{"line":38,"column":31}},"20":{"start":{"line":40,"column":21},"end":{"line":40,"column":36}},"21":{"start":{"line":41,"column":4},"end":{"line":41,"column":45}},"22":{"start":{"line":43,"column":27},"end":{"line":48,"column":6}},"23":{"start":{"line":50,"column":4},"end":{"line":60,"column":5}},"24":{"start":{"line":52,"column":25},"end":{"line":55,"column":8}},"25":{"start":{"line":56,"column":6},"end":{"line":56,"column":50}},"26":{"start":{"line":57,"column":6},"end":{"line":57,"column":59}},"27":{"start":{"line":59,"column":6},"end":{"line":59,"column":79}},"28":{"start":{"line":62,"column":4},"end":{"line":62,"column":49}},"29":{"start":{"line":63,"column":4},"end":{"line":63,"column":20}},"30":{"start":{"line":65,"column":4},"end":{"line":65,"column":53}},"31":{"start":{"line":66,"column":4},"end":{"line":66,"column":20}},"32":{"start":{"line":70,"column":0},"end":{"line":70,"column":17}}},"fnMap":{"0":{"name":"createTestUser","decl":{"start":{"line":7,"column":15},"end":{"line":7,"column":29}},"loc":{"start":{"line":7,"column":29},"end":{"line":68,"column":null}}}},"branchMap":{"0":{"loc":{"start":{"line":21,"column":4},"end":{"line":31,"column":5}},"type":"if","locations":[{"start":{"line":21,"column":4},"end":{"line":31,"column":5}},{"start":{"line":29,"column":11},"end":{"line":31,"column":5}}]},"1":{"loc":{"start":{"line":50,"column":4},"end":{"line":60,"column":5}},"type":"if","locations":[{"start":{"line":50,"column":4},"end":{"line":60,"column":5}},{"start":{"line":58,"column":11},"end":{"line":60,"column":5}}]}},"s":{"0":0,"1":0,"2":0,"3":0,"4":0,"5":0,"6":0,"7":0,"8":0,"9":0,"10":0,"11":0,"12":0,"13":0,"14":0,"15":0,"16":0,"17":0,"18":0,"19":0,"20":0,"21":0,"22":0,"23":0,"24":0,"25":0,"26":0,"27":0,"28":0,"29":0,"30":0,"31":0,"32":0},"f":{"0":0},"b":{"0":[0,0],"1":[0,0]}}
,"C:\\Users\\trevotech\\Desktop\\teste-fullstack\\backend\\src\\services\\BaseTimeRecordService.ts": {"path":"C:\\Users\\trevotech\\Desktop\\teste-fullstack\\backend\\src\\services\\BaseTimeRecordService.ts","statementMap":{"0":{"start":{"line":18,"column":4},"end":{"line":18,"column":53}},"1":{"start":{"line":19,"column":4},"end":{"line":19,"column":41}},"2":{"start":{"line":26,"column":17},"end":{"line":26,"column":70}},"3":{"start":{"line":27,"column":4},"end":{"line":27,"column":67}},"4":{"start":{"line":34,"column":17},"end":{"line":34,"column":70}},"5":{"start":{"line":35,"column":4},"end":{"line":35,"column":66}},"6":{"start":{"line":55,"column":4},"end":{"line":57,"column":5}},"7":{"start":{"line":56,"column":6},"end":{"line":56,"column":78}},"8":{"start":{"line":59,"column":18},"end":{"line":59,"column":59}},"9":{"start":{"line":60,"column":20},"end":{"line":60,"column":49}},"10":{"start":{"line":61,"column":20},"end":{"line":61,"column":49}},"11":{"start":{"line":63,"column":4},"end":{"line":63,"column":39}},"12":{"start":{"line":10,"column":0},"end":{"line":10,"column":22}}},"fnMap":{"0":{"name":"(anonymous_7)","decl":{"start":{"line":14,"column":2},"end":{"line":14,"column":null}},"loc":{"start":{"line":16,"column":35},"end":{"line":20,"column":3}}},"1":{"name":"(anonymous_8)","decl":{"start":{"line":25,"column":8},"end":{"line":25,"column":28}},"loc":{"start":{"line":25,"column":45},"end":{"line":28,"column":null}}},"2":{"name":"(anonymous_10)","decl":{"start":{"line":33,"column":8},"end":{"line":33,"column":30}},"loc":{"start":{"line":33,"column":47},"end":{"line":36,"column":null}}},"3":{"name":"(anonymous_12)","decl":{"start":{"line":54,"column":2},"end":{"line":54,"column":22}},"loc":{"start":{"line":54,"column":45},"end":{"line":64,"column":3}}}},"branchMap":{"0":{"loc":{"start":{"line":55,"column":4},"end":{"line":57,"column":5}},"type":"if","locations":[{"start":{"line":55,"column":4},"end":{"line":57,"column":5}}]},"1":{"loc":{"start":{"line":56,"column":46},"end":{"line":56,"column":75}},"type":"binary-expr","locations":[{"start":{"line":56,"column":46},"end":{"line":56,"column":70}},{"start":{"line":56,"column":74},"end":{"line":56,"column":75}}]},"2":{"loc":{"start":{"line":61,"column":20},"end":{"line":61,"column":49}},"type":"binary-expr","locations":[{"start":{"line":61,"column":20},"end":{"line":61,"column":44}},{"start":{"line":61,"column":48},"end":{"line":61,"column":49}}]}},"s":{"0":13,"1":13,"2":2,"3":2,"4":2,"5":2,"6":3,"7":1,"8":2,"9":2,"10":2,"11":2,"12":2},"f":{"0":13,"1":2,"2":2,"3":3},"b":{"0":[1],"1":[1,1],"2":[2,1]}}
,"C:\\Users\\trevotech\\Desktop\\teste-fullstack\\backend\\src\\services\\TimeRecordService.ts": {"path":"C:\\Users\\trevotech\\Desktop\\teste-fullstack\\backend\\src\\services\\TimeRecordService.ts","statementMap":{"0":{"start":{"line":4,"column":0},"end":{"line":4,"column":76}},"1":{"start":{"line":5,"column":0},"end":{"line":5,"column":64}},"2":{"start":{"line":6,"column":0},"end":{"line":6,"column":64}},"3":{"start":{"line":17,"column":4},"end":{"line":17,"column":48}},"4":{"start":{"line":25,"column":17},"end":{"line":25,"column":70}},"5":{"start":{"line":28,"column":27},"end":{"line":28,"column":88}},"6":{"start":{"line":30,"column":4},"end":{"line":32,"column":5}},"7":{"start":{"line":31,"column":6},"end":{"line":31,"column":28}},"8":{"start":{"line":34,"column":4},"end":{"line":34,"column":58}},"9":{"start":{"line":42,"column":17},"end":{"line":42,"column":70}},"10":{"start":{"line":44,"column":26},"end":{"line":44,"column":87}},"11":{"start":{"line":46,"column":4},"end":{"line":48,"column":5}},"12":{"start":{"line":47,"column":6},"end":{"line":47,"column":18}},"13":{"start":{"line":50,"column":4},"end":{"line":50,"column":68}},"14":{"start":{"line":12,"column":0},"end":{"line":12,"column":13}}},"fnMap":{"0":{"name":"(anonymous_7)","decl":{"start":{"line":13,"column":2},"end":{"line":13,"column":null}},"loc":{"start":{"line":15,"column":52},"end":{"line":18,"column":3}}},"1":{"name":"(anonymous_8)","decl":{"start":{"line":24,"column":8},"end":{"line":24,"column":21}},"loc":{"start":{"line":24,"column":38},"end":{"line":35,"column":null}}},"2":{"name":"(anonymous_10)","decl":{"start":{"line":41,"column":8},"end":{"line":41,"column":20}},"loc":{"start":{"line":41,"column":37},"end":{"line":51,"column":null}}}},"branchMap":{"0":{"loc":{"start":{"line":14,"column":4},"end":{"line":14,"column":70}},"type":"default-arg","locations":[{"start":{"line":14,"column":50},"end":{"line":14,"column":70}}]},"1":{"loc":{"start":{"line":15,"column":4},"end":{"line":15,"column":52}},"type":"default-arg","locations":[{"start":{"line":15,"column":38},"end":{"line":15,"column":52}}]},"2":{"loc":{"start":{"line":30,"column":4},"end":{"line":32,"column":5}},"type":"if","locations":[{"start":{"line":30,"column":4},"end":{"line":32,"column":5}}]},"3":{"loc":{"start":{"line":30,"column":8},"end":{"line":30,"column":51}},"type":"binary-expr","locations":[{"start":{"line":30,"column":8},"end":{"line":30,"column":22}},{"start":{"line":30,"column":26},"end":{"line":30,"column":51}}]},"4":{"loc":{"start":{"line":46,"column":4},"end":{"line":48,"column":5}},"type":"if","locations":[{"start":{"line":46,"column":4},"end":{"line":48,"column":5}}]},"5":{"loc":{"start":{"line":46,"column":8},"end":{"line":46,"column":49}},"type":"binary-expr","locations":[{"start":{"line":46,"column":8},"end":{"line":46,"column":22}},{"start":{"line":46,"column":26},"end":{"line":46,"column":49}}]}},"s":{"0":2,"1":2,"2":2,"3":13,"4":2,"5":2,"6":2,"7":1,"8":1,"9":4,"10":4,"11":4,"12":3,"13":1,"14":2},"f":{"0":13,"1":2,"2":4},"b":{"0":[13],"1":[13],"2":[1],"3":[2,1],"4":[3],"5":[4,2]}}
,"C:\\Users\\trevotech\\Desktop\\teste-fullstack\\backend\\src\\utils\\logger.ts": {"path":"C:\\Users\\trevotech\\Desktop\\teste-fullstack\\backend\\src\\utils\\logger.ts","statementMap":{"0":{"start":{"line":1,"column":0},"end":{"line":1,"column":30}},"1":{"start":{"line":2,"column":0},"end":{"line":2,"column":24}},"2":{"start":{"line":5,"column":15},"end":{"line":11,"column":2}},"3":{"start":{"line":14,"column":15},"end":{"line":20,"column":2}},"4":{"start":{"line":23,"column":14},"end":{"line":26,"column":1}},"5":{"start":{"line":24,"column":14},"end":{"line":24,"column":51}},"6":{"start":{"line":25,"column":2},"end":{"line":25,"column":50}},"7":{"start":{"line":29,"column":0},"end":{"line":29,"column":26}},"8":{"start":{"line":32,"column":15},"end":{"line":37,"column":null}},"9":{"start":{"line":36,"column":14},"end":{"line":36,"column":64}},"10":{"start":{"line":41,"column":19},"end":{"line":55,"column":2}},"11":{"start":{"line":58,"column":15},"end":{"line":63,"column":2}},"12":{"start":{"line":65,"column":0},"end":{"line":65,"column":22}}},"fnMap":{"0":{"name":"(anonymous_1)","decl":{"start":{"line":23,"column":14},"end":{"line":23,"column":17}},"loc":{"start":{"line":23,"column":19},"end":{"line":26,"column":1}}},"1":{"name":"(anonymous_2)","decl":{"start":{"line":36,"column":4},"end":{"line":36,"column":5}},"loc":{"start":{"line":36,"column":14},"end":{"line":36,"column":64}}}},"branchMap":{"0":{"loc":{"start":{"line":24,"column":14},"end":{"line":24,"column":51}},"type":"binary-expr","locations":[{"start":{"line":24,"column":14},"end":{"line":24,"column":34}},{"start":{"line":24,"column":38},"end":{"line":24,"column":51}}]},"1":{"loc":{"start":{"line":25,"column":9},"end":{"line":25,"column":49}},"type":"cond-expr","locations":[{"start":{"line":25,"column":33},"end":{"line":25,"column":40}},{"start":{"line":25,"column":43},"end":{"line":25,"column":49}}]}},"s":{"0":0,"1":0,"2":0,"3":0,"4":0,"5":0,"6":0,"7":0,"8":0,"9":0,"10":0,"11":0,"12":0},"f":{"0":0,"1":0},"b":{"0":[0,0],"1":[0,0]}}
}
