TN:
SF:src\server.ts
FN:43,(anonymous_1)
FN:48,(anonymous_2)
FN:53,(anonymous_3)
FN:68,(anonymous_4)
FN:70,(anonymous_5)
FN:79,(anonymous_6)
FNF:6
FNH:0
FNDA:0,(anonymous_1)
FNDA:0,(anonymous_2)
FNDA:0,(anonymous_3)
FNDA:0,(anonymous_4)
FNDA:0,(anonymous_5)
FNDA:0,(anonymous_6)
DA:1,0
DA:2,0
DA:3,0
DA:4,0
DA:5,0
DA:6,0
DA:7,0
DA:8,0
DA:9,0
DA:10,0
DA:11,0
DA:14,0
DA:17,0
DA:21,0
DA:31,0
DA:33,0
DA:34,0
DA:37,0
DA:40,0
DA:43,0
DA:44,0
DA:48,0
DA:49,0
DA:53,0
DA:54,0
DA:61,0
DA:64,0
DA:67,0
DA:69,0
DA:70,0
DA:71,0
DA:72,0
DA:75,0
DA:76,0
DA:80,0
DA:81,0
DA:84,0
LF:37
LH:0
BRDA:22,0,0,0
BRDA:22,0,1,0
BRDA:64,1,0,0
BRDA:64,1,1,0
BRDA:69,2,0,0
BRDA:69,2,1,0
BRF:6
BRH:0
end_of_record
TN:
SF:src\config\database.ts
FN:24,(anonymous_8)
FN:24,(anonymous_9)
FNF:2
FNH:0
FNDA:0,(anonymous_8)
FNDA:0,(anonymous_9)
DA:1,1
DA:2,1
DA:3,1
DA:6,1
DA:8,1
DA:24,1
DA:25,0
DA:27,0
DA:28,0
DA:31,0
DA:32,0
DA:35,0
DA:36,0
DA:38,0
DA:40,0
DA:41,0
LF:16
LH:6
BRDA:10,0,0,1
BRDA:10,0,1,0
BRDA:11,1,0,1
BRDA:11,1,1,0
BRDA:12,2,0,1
BRDA:12,2,1,0
BRDA:13,3,0,1
BRDA:13,3,1,0
BRDA:14,4,0,1
BRDA:14,4,1,0
BRDA:20,5,0,0
BRDA:20,5,1,1
BRF:12
BRH:6
end_of_record
TN:
SF:src\config\swagger.ts
FNF:0
FNH:0
DA:1,0
DA:3,0
DA:119,0
DA:121,0
LF:4
LH:0
BRF:0
BRH:0
end_of_record
TN:
SF:src\controllers\TimeRecordController.ts
FN:8,(anonymous_7)
FN:15,(anonymous_8)
FN:48,(anonymous_10)
FN:59,(anonymous_12)
FN:74,(anonymous_13)
FN:94,(anonymous_15)
FNF:6
FNH:6
FNDA:14,(anonymous_7)
FNDA:4,(anonymous_8)
FNDA:3,(anonymous_10)
FNDA:1,(anonymous_12)
FNDA:3,(anonymous_13)
FNDA:4,(anonymous_15)
DA:2,1
DA:5,1
DA:9,14
DA:16,4
DA:17,4
DA:19,4
DA:20,1
DA:23,3
DA:25,2
DA:27,1
DA:33,1
DA:35,1
DA:40,1
DA:41,1
DA:49,3
DA:50,3
DA:52,3
DA:53,1
DA:56,2
DA:59,1
DA:64,1
DA:66,1
DA:67,1
DA:75,3
DA:76,3
DA:78,3
DA:79,1
DA:82,2
DA:84,1
DA:86,1
DA:87,1
DA:95,4
DA:96,4
DA:98,4
DA:99,1
DA:102,3
DA:104,2
DA:105,1
DA:108,1
DA:110,1
DA:115,1
DA:116,1
LF:42
LH:42
BRDA:8,0,0,14
BRDA:19,1,0,1
BRDA:25,2,0,1
BRDA:52,3,0,1
BRDA:78,4,0,1
BRDA:98,5,0,1
BRDA:104,6,0,1
BRF:7
BRH:7
end_of_record
TN:
SF:src\dtos\TimeRecordDto.ts
FNF:0
FNH:0
DA:1,0
DA:3,0
DA:7,0
LF:3
LH:0
BRF:0
BRH:0
end_of_record
TN:
SF:src\middlewares\errorMiddleware.ts
FN:10,(anonymous_0)
FN:20,(anonymous_1)
FNF:2
FNH:0
FNDA:0,(anonymous_0)
FNDA:0,(anonymous_1)
DA:6,0
DA:11,0
DA:12,0
DA:13,0
DA:20,0
DA:26,0
DA:28,0
DA:29,0
DA:36,0
DA:39,0
DA:45,0
LF:11
LH:0
BRDA:28,0,0,0
BRF:1
BRH:0
end_of_record
TN:
SF:src\middlewares\loggerMiddleware.ts
FN:7,(anonymous_1)
FN:16,(anonymous_2)
FNF:2
FNH:0
FNDA:0,(anonymous_1)
FNDA:0,(anonymous_2)
DA:2,0
DA:7,0
DA:9,0
DA:10,0
DA:12,0
DA:15,0
DA:16,0
DA:17,0
DA:18,0
DA:21,0
DA:26,0
DA:29,0
LF:12
LH:0
BRF:0
BRH:0
end_of_record
TN:
SF:src\middlewares\validationMiddleware.ts
FN:11,(anonymous_0)
FN:12,(anonymous_1)
FN:17,(anonymous_2)
FN:26,(anonymous_3)
FNF:4
FNH:0
FNDA:0,(anonymous_0)
FNDA:0,(anonymous_1)
FNDA:0,(anonymous_2)
FNDA:0,(anonymous_3)
DA:2,0
DA:3,0
DA:11,0
DA:12,0
DA:14,0
DA:17,0
DA:19,0
DA:20,0
DA:21,0
DA:22,0
DA:26,0
DA:27,0
DA:31,0
LF:13
LH:0
BRDA:11,0,0,0
BRDA:19,1,0,0
BRDA:27,2,0,0
BRDA:27,2,1,0
BRF:4
BRH:0
end_of_record
TN:
SF:src\migrations\1700000000000-CreateTables.ts
FN:3,(anonymous_7)
FN:6,(anonymous_8)
FN:47,(anonymous_10)
FNF:3
FNH:0
FNDA:0,(anonymous_7)
FNDA:0,(anonymous_8)
FNDA:0,(anonymous_10)
DA:3,0
DA:4,0
DA:8,0
DA:19,0
DA:32,0
DA:41,0
DA:48,0
DA:49,0
DA:50,0
LF:9
LH:0
BRF:0
BRH:0
end_of_record
TN:
SF:src\migrations\1700000001000-AddTotalSecondsColumn.ts
FN:3,(anonymous_7)
FN:6,(anonymous_8)
FN:14,(anonymous_10)
FNF:3
FNH:0
FNDA:0,(anonymous_7)
FNDA:0,(anonymous_8)
FNDA:0,(anonymous_10)
DA:3,0
DA:4,0
DA:8,0
DA:16,0
LF:4
LH:0
BRF:0
BRH:0
end_of_record
TN:
SF:src\models\TimeRecord.ts
FN:24,(anonymous_2)
FN:24,(anonymous_3)
FNF:2
FNH:0
FNDA:0,(anonymous_2)
FNDA:0,(anonymous_3)
DA:1,1
DA:2,1
DA:5,1
DA:7,1
DA:10,1
DA:13,1
DA:16,1
DA:19,1
DA:22,1
DA:24,0
DA:26,1
DA:29,1
LF:12
LH:11
BRF:0
BRH:0
end_of_record
TN:
SF:src\models\User.ts
FN:15,(anonymous_2)
FN:15,(anonymous_3)
FNF:2
FNH:0
FNDA:0,(anonymous_2)
FNDA:0,(anonymous_3)
DA:1,1
DA:2,1
DA:5,1
DA:7,1
DA:10,1
DA:13,1
DA:15,0
DA:16,1
LF:8
LH:7
BRF:0
BRH:0
end_of_record
TN:
SF:src\repositories\TimeRecordRepository.ts
FN:7,(anonymous_7)
FN:10,(anonymous_8)
FN:28,(anonymous_10)
FN:28,(anonymous_11)
FN:40,(anonymous_12)
FN:49,(anonymous_14)
FNF:6
FNH:1
FNDA:1,(anonymous_7)
FNDA:0,(anonymous_8)
FNDA:0,(anonymous_10)
FNDA:0,(anonymous_11)
FNDA:0,(anonymous_12)
FNDA:0,(anonymous_14)
DA:1,1
DA:2,1
DA:3,1
DA:8,1
DA:11,0
DA:12,0
DA:14,0
DA:15,0
DA:17,0
DA:28,0
DA:29,0
DA:41,0
DA:46,0
DA:50,0
DA:52,0
DA:53,0
DA:56,0
DA:57,0
DA:60,0
DA:63,0
DA:66,0
DA:69,0
DA:71,0
DA:72,0
DA:73,0
DA:75,0
DA:80,1
LF:27
LH:5
BRDA:28,0,0,0
BRDA:52,1,0,0
BRDA:52,2,0,0
BRDA:52,2,1,0
BRF:4
BRH:0
end_of_record
TN:
SF:src\repositories\UserRepository.ts
FN:5,(anonymous_7)
FN:8,(anonymous_8)
FN:12,(anonymous_10)
FN:17,(anonymous_12)
FNF:4
FNH:1
FNDA:1,(anonymous_7)
FNDA:0,(anonymous_8)
FNDA:0,(anonymous_10)
FNDA:0,(anonymous_12)
DA:1,1
DA:2,1
DA:6,1
DA:9,0
DA:13,0
DA:14,0
DA:18,0
DA:20,0
DA:21,0
DA:24,0
DA:28,1
LF:11
LH:4
BRDA:20,0,0,0
BRF:1
BRH:0
end_of_record
TN:
SF:src\routes\timeRecords.ts
FN:48,(anonymous_0)
FN:92,(anonymous_1)
FN:128,(anonymous_2)
FN:177,(anonymous_3)
FNF:4
FNH:0
FNDA:0,(anonymous_0)
FNDA:0,(anonymous_1)
FNDA:0,(anonymous_2)
FNDA:0,(anonymous_3)
DA:1,0
DA:2,0
DA:3,0
DA:4,0
DA:6,0
DA:7,0
DA:48,0
DA:49,0
DA:92,0
DA:93,0
DA:125,0
DA:128,0
DA:174,0
DA:177,0
DA:180,0
LF:15
LH:0
BRF:0
BRH:0
end_of_record
TN:
SF:src\scripts\checkDatabase.ts
FN:6,checkDatabase
FNF:1
FNH:0
FNDA:0,checkDatabase
DA:1,0
DA:2,0
DA:3,0
DA:4,0
DA:7,0
DA:9,0
DA:10,0
DA:13,0
DA:14,0
DA:15,0
DA:16,0
DA:19,0
DA:20,0
DA:21,0
DA:22,0
DA:24,0
DA:25,0
DA:27,0
DA:28,0
DA:32,0
LF:20
LH:0
BRF:0
BRH:0
end_of_record
TN:
SF:src\scripts\createTestUser.ts
FN:7,createTestUser
FNF:1
FNH:0
FNDA:0,createTestUser
DA:1,0
DA:2,0
DA:3,0
DA:4,0
DA:5,0
DA:8,0
DA:10,0
DA:11,0
DA:14,0
DA:15,0
DA:18,0
DA:19,0
DA:21,0
DA:23,0
DA:27,0
DA:28,0
DA:30,0
DA:34,0
DA:37,0
DA:38,0
DA:40,0
DA:41,0
DA:43,0
DA:50,0
DA:52,0
DA:56,0
DA:57,0
DA:59,0
DA:62,0
DA:63,0
DA:65,0
DA:66,0
DA:70,0
LF:33
LH:0
BRDA:21,0,0,0
BRDA:21,0,1,0
BRDA:50,1,0,0
BRDA:50,1,1,0
BRF:4
BRH:0
end_of_record
TN:
SF:src\services\BaseTimeRecordService.ts
FN:14,(anonymous_7)
FN:25,(anonymous_8)
FN:33,(anonymous_10)
FN:54,(anonymous_12)
FNF:4
FNH:4
FNDA:13,(anonymous_7)
FNDA:2,(anonymous_8)
FNDA:2,(anonymous_10)
FNDA:3,(anonymous_12)
DA:10,2
DA:18,13
DA:19,13
DA:26,2
DA:27,2
DA:34,2
DA:35,2
DA:55,3
DA:56,1
DA:59,2
DA:60,2
DA:61,2
DA:63,2
LF:13
LH:13
BRDA:55,0,0,1
BRDA:56,1,0,1
BRDA:56,1,1,1
BRDA:61,2,0,2
BRDA:61,2,1,1
BRF:5
BRH:5
end_of_record
TN:
SF:src\services\TimeRecordService.ts
FN:13,(anonymous_7)
FN:24,(anonymous_8)
FN:41,(anonymous_10)
FNF:3
FNH:3
FNDA:13,(anonymous_7)
FNDA:2,(anonymous_8)
FNDA:4,(anonymous_10)
DA:4,2
DA:5,2
DA:6,2
DA:12,2
DA:17,13
DA:25,2
DA:28,2
DA:30,2
DA:31,1
DA:34,1
DA:42,4
DA:44,4
DA:46,4
DA:47,3
DA:50,1
LF:15
LH:15
BRDA:14,0,0,13
BRDA:15,1,0,13
BRDA:30,2,0,1
BRDA:30,3,0,2
BRDA:30,3,1,1
BRDA:46,4,0,3
BRDA:46,5,0,4
BRDA:46,5,1,2
BRF:8
BRH:8
end_of_record
TN:
SF:src\utils\logger.ts
FN:23,(anonymous_1)
FN:36,(anonymous_2)
FNF:2
FNH:0
FNDA:0,(anonymous_1)
FNDA:0,(anonymous_2)
DA:1,0
DA:2,0
DA:5,0
DA:14,0
DA:23,0
DA:24,0
DA:25,0
DA:29,0
DA:32,0
DA:36,0
DA:41,0
DA:58,0
DA:65,0
LF:13
LH:0
BRDA:24,0,0,0
BRDA:24,0,1,0
BRDA:25,1,0,0
BRDA:25,1,1,0
BRF:4
BRH:0
end_of_record
